<?xml version="1.0" encoding="UTF-8"?>
<!-- Generated by org.testng.reporters.JUnitReportReporter -->
<testsuite hostname="DESKTOP-346RFLV" failures="0" tests="1" name="com.inetbanking.testcases.TC_AddNewCustomerTest_003" time="19.533" errors="0" timestamp="2022-10-14T12:14:05 EDT" skipped="0">
  <testcase classname="com.inetbanking.testcases.TC_AddNewCustomerTest_003" name="addNewCustomer" time="19.533"/>
  <system-out/>
</testsuite> <!-- com.inetbanking.testcases.TC_AddNewCustomerTest_003 -->
