<?xml version="1.0" encoding="UTF-8"?>
<!-- Generated by org.testng.reporters.JUnitReportReporter -->
<testsuite hostname="DESKTOP-346RFLV" failures="0" tests="5" name="com.inetbanking.testcases.TC_LoginDDT_002" time="33.964" errors="0" timestamp="2022-10-14T12:14:05 EDT" skipped="0">
  <testcase classname="com.inetbanking.testcases.TC_LoginDDT_002" name="loginDDT" time="4.906"/>
  <system-out/>
  <testcase classname="com.inetbanking.testcases.TC_LoginDDT_002" name="loginDDT" time="10.166"/>
  <system-out/>
  <testcase classname="com.inetbanking.testcases.TC_LoginDDT_002" name="loginDDT" time="5.250"/>
  <system-out/>
  <testcase classname="com.inetbanking.testcases.TC_LoginDDT_002" name="loginDDT" time="9.330"/>
  <system-out/>
  <testcase classname="com.inetbanking.testcases.TC_LoginDDT_002" name="loginDDT" time="4.312"/>
  <system-out/>
</testsuite> <!-- com.inetbanking.testcases.TC_LoginDDT_002 -->
