<?xml version="1.0" encoding="UTF-8"?>
<!-- Generated by org.testng.reporters.JUnitReportReporter -->
<testsuite hostname="DESKTOP-346RFLV" failures="0" tests="1" name="com.inetbanking.testcases.TC_loginTest_001" time="3.231" errors="0" timestamp="2022-10-14T12:14:05 EDT" skipped="0">
  <testcase classname="com.inetbanking.testcases.TC_loginTest_001" name="loginTest" time="3.231"/>
  <system-out/>
</testsuite> <!-- com.inetbanking.testcases.TC_loginTest_001 -->
